\BOOKMARK [0][-]{chapter.1}{\376\377\000y\000a\000o\000c\000p\000t\000o\000o\000l\000\040\000p\000a\000c\000k\000a\000g\000e}{}% 1
\BOOKMARK [1][-]{section.1.1}{\376\377\000S\000u\000b\000p\000a\000c\000k\000a\000g\000e\000s}{chapter.1}% 2
\BOOKMARK [2][-]{subsection.1.1.1}{\376\377\000y\000a\000o\000c\000p\000t\000o\000o\000l\000.\000e\000s\000t\000i\000m\000a\000t\000i\000o\000n\000\040\000p\000a\000c\000k\000a\000g\000e}{section.1.1}% 3
\BOOKMARK [3][-]{subsubsection.1.1.1.1}{\376\377\000S\000u\000b\000m\000o\000d\000u\000l\000e\000s}{subsection.1.1.1}% 4
\BOOKMARK [3][-]{subsubsection.1.1.1.2}{\376\377\000y\000a\000o\000c\000p\000t\000o\000o\000l\000.\000e\000s\000t\000i\000m\000a\000t\000i\000o\000n\000.\000e\000s\000t\000i\000m\000a\000t\000o\000r\000\137\000a\000b\000s\000t\000r\000a\000c\000t\000\040\000m\000o\000d\000u\000l\000e}{subsection.1.1.1}% 5
\BOOKMARK [3][-]{subsubsection.1.1.1.3}{\376\377\000y\000a\000o\000c\000p\000t\000o\000o\000l\000.\000e\000s\000t\000i\000m\000a\000t\000i\000o\000n\000.\000e\000x\000t\000e\000n\000d\000e\000d\000\137\000k\000a\000l\000m\000a\000n\000\137\000f\000i\000l\000t\000e\000r\000\040\000m\000o\000d\000u\000l\000e}{subsection.1.1.1}% 6
\BOOKMARK [3][-]{subsubsection.1.1.1.4}{\376\377\000y\000a\000o\000c\000p\000t\000o\000o\000l\000.\000e\000s\000t\000i\000m\000a\000t\000i\000o\000n\000.\000p\000c\000e\000\137\000k\000a\000l\000m\000a\000n\000\137\000f\000i\000l\000t\000e\000r\000\040\000m\000o\000d\000u\000l\000e}{subsection.1.1.1}% 7
\BOOKMARK [3][-]{subsubsection.1.1.1.5}{\376\377\000y\000a\000o\000c\000p\000t\000o\000o\000l\000.\000e\000s\000t\000i\000m\000a\000t\000i\000o\000n\000.\000u\000n\000s\000c\000e\000n\000t\000e\000d\000\137\000k\000a\000l\000m\000a\000n\000\137\000f\000i\000l\000t\000e\000r\000\040\000m\000o\000d\000u\000l\000e}{subsection.1.1.1}% 8
\BOOKMARK [3][-]{subsubsection.1.1.1.6}{\376\377\000M\000o\000d\000u\000l\000e\000\040\000c\000o\000n\000t\000e\000n\000t\000s}{subsection.1.1.1}% 9
\BOOKMARK [2][-]{subsection.1.1.2}{\376\377\000y\000a\000o\000c\000p\000t\000o\000o\000l\000.\000m\000e\000t\000h\000o\000d\000s\000\040\000p\000a\000c\000k\000a\000g\000e}{section.1.1}% 10
\BOOKMARK [3][-]{subsubsection.1.1.2.1}{\376\377\000S\000u\000b\000p\000a\000c\000k\000a\000g\000e\000s}{subsection.1.1.2}% 11
\BOOKMARK [3][-]{subsubsection.1.1.2.2}{\376\377\000S\000u\000b\000m\000o\000d\000u\000l\000e\000s}{subsection.1.1.2}% 12
\BOOKMARK [3][-]{subsubsection.1.1.2.3}{\376\377\000y\000a\000o\000c\000p\000t\000o\000o\000l\000.\000m\000e\000t\000h\000o\000d\000s\000.\000a\000u\000g\000m\000e\000n\000t\000e\000d\000\137\000l\000a\000g\000r\000a\000n\000g\000i\000a\000n\000\040\000m\000o\000d\000u\000l\000e}{subsection.1.1.2}% 13
\BOOKMARK [3][-]{subsubsection.1.1.2.4}{\376\377\000y\000a\000o\000c\000p\000t\000o\000o\000l\000.\000m\000e\000t\000h\000o\000d\000s\000.\000d\000i\000s\000t\000r\000i\000b\000u\000t\000e\000d\000\137\000s\000o\000l\000u\000t\000i\000o\000n\000\040\000m\000o\000d\000u\000l\000e}{subsection.1.1.2}% 14
\BOOKMARK [3][-]{subsubsection.1.1.2.5}{\376\377\000M\000o\000d\000u\000l\000e\000\040\000c\000o\000n\000t\000e\000n\000t\000s}{subsection.1.1.2}% 15
\BOOKMARK [2][-]{subsection.1.1.3}{\376\377\000y\000a\000o\000c\000p\000t\000o\000o\000l\000.\000m\000o\000d\000e\000l\000l\000i\000n\000g\000\040\000p\000a\000c\000k\000a\000g\000e}{section.1.1}% 16
\BOOKMARK [3][-]{subsubsection.1.1.3.1}{\376\377\000S\000u\000b\000m\000o\000d\000u\000l\000e\000s}{subsection.1.1.3}% 17
\BOOKMARK [3][-]{subsubsection.1.1.3.2}{\376\377\000y\000a\000o\000c\000p\000t\000o\000o\000l\000.\000m\000o\000d\000e\000l\000l\000i\000n\000g\000.\000d\000a\000e\000\137\000s\000y\000s\000t\000e\000m\000\040\000m\000o\000d\000u\000l\000e}{subsection.1.1.3}% 18
\BOOKMARK [3][-]{subsubsection.1.1.3.3}{\376\377\000y\000a\000o\000c\000p\000t\000o\000o\000l\000.\000m\000o\000d\000e\000l\000l\000i\000n\000g\000.\000d\000a\000t\000a\000s\000e\000t\000\040\000m\000o\000d\000u\000l\000e}{subsection.1.1.3}% 19
\BOOKMARK [3][-]{subsubsection.1.1.3.4}{\376\377\000y\000a\000o\000c\000p\000t\000o\000o\000l\000.\000m\000o\000d\000e\000l\000l\000i\000n\000g\000.\000n\000e\000t\000w\000o\000r\000k\000\040\000m\000o\000d\000u\000l\000e}{subsection.1.1.3}% 20
\BOOKMARK [3][-]{subsubsection.1.1.3.5}{\376\377\000y\000a\000o\000c\000p\000t\000o\000o\000l\000.\000m\000o\000d\000e\000l\000l\000i\000n\000g\000.\000n\000o\000d\000e\000\040\000m\000o\000d\000u\000l\000e}{subsection.1.1.3}% 21
\BOOKMARK [3][-]{subsubsection.1.1.3.6}{\376\377\000y\000a\000o\000c\000p\000t\000o\000o\000l\000.\000m\000o\000d\000e\000l\000l\000i\000n\000g\000.\000o\000c\000p\000\040\000m\000o\000d\000u\000l\000e}{subsection.1.1.3}% 22
\BOOKMARK [3][-]{subsubsection.1.1.3.7}{\376\377\000y\000a\000o\000c\000p\000t\000o\000o\000l\000.\000m\000o\000d\000e\000l\000l\000i\000n\000g\000.\000s\000i\000m\000u\000a\000l\000t\000i\000o\000n\000\137\000r\000e\000s\000u\000l\000t\000\040\000m\000o\000d\000u\000l\000e}{subsection.1.1.3}% 23
\BOOKMARK [3][-]{subsubsection.1.1.3.8}{\376\377\000y\000a\000o\000c\000p\000t\000o\000o\000l\000.\000m\000o\000d\000e\000l\000l\000i\000n\000g\000.\000s\000t\000o\000c\000h\000a\000s\000t\000i\000c\000\137\000o\000c\000p\000\040\000m\000o\000d\000u\000l\000e}{subsection.1.1.3}% 24
\BOOKMARK [3][-]{subsubsection.1.1.3.9}{\376\377\000y\000a\000o\000c\000p\000t\000o\000o\000l\000.\000m\000o\000d\000e\000l\000l\000i\000n\000g\000.\000s\000y\000s\000t\000e\000m\000\137\000m\000o\000d\000e\000l\000\040\000m\000o\000d\000u\000l\000e}{subsection.1.1.3}% 25
\BOOKMARK [3][-]{subsubsection.1.1.3.10}{\376\377\000M\000o\000d\000u\000l\000e\000\040\000c\000o\000n\000t\000e\000n\000t\000s}{subsection.1.1.3}% 26
\BOOKMARK [2][-]{subsection.1.1.4}{\376\377\000y\000a\000o\000c\000p\000t\000o\000o\000l\000.\000m\000p\000c\000\040\000p\000a\000c\000k\000a\000g\000e}{section.1.1}% 27
\BOOKMARK [3][-]{subsubsection.1.1.4.1}{\376\377\000S\000u\000b\000m\000o\000d\000u\000l\000e\000s}{subsection.1.1.4}% 28
\BOOKMARK [3][-]{subsubsection.1.1.4.2}{\376\377\000y\000a\000o\000c\000p\000t\000o\000o\000l\000.\000m\000p\000c\000.\000m\000p\000c\000\040\000m\000o\000d\000u\000l\000e}{subsection.1.1.4}% 29
\BOOKMARK [3][-]{subsubsection.1.1.4.3}{\376\377\000y\000a\000o\000c\000p\000t\000o\000o\000l\000.\000m\000p\000c\000.\000p\000l\000a\000n\000t\000\040\000m\000o\000d\000u\000l\000e}{subsection.1.1.4}% 30
\BOOKMARK [3][-]{subsubsection.1.1.4.4}{\376\377\000M\000o\000d\000u\000l\000e\000\040\000c\000o\000n\000t\000e\000n\000t\000s}{subsection.1.1.4}% 31
\BOOKMARK [2][-]{subsection.1.1.5}{\376\377\000y\000a\000o\000c\000p\000t\000o\000o\000l\000.\000o\000p\000t\000i\000m\000i\000z\000a\000t\000i\000o\000n\000\040\000p\000a\000c\000k\000a\000g\000e}{section.1.1}% 32
\BOOKMARK [3][-]{subsubsection.1.1.5.1}{\376\377\000S\000u\000b\000m\000o\000d\000u\000l\000e\000s}{subsection.1.1.5}% 33
\BOOKMARK [3][-]{subsubsection.1.1.5.2}{\376\377\000y\000a\000o\000c\000p\000t\000o\000o\000l\000.\000o\000p\000t\000i\000m\000i\000z\000a\000t\000i\000o\000n\000.\000a\000b\000s\000t\000r\000a\000c\000t\000\137\000o\000p\000t\000i\000m\000i\000z\000a\000t\000i\000o\000n\000\137\000p\000r\000o\000b\000l\000e\000m\000\040\000m\000o\000d\000u\000l\000e}{subsection.1.1.5}% 34
\BOOKMARK [3][-]{subsubsection.1.1.5.3}{\376\377\000y\000a\000o\000c\000p\000t\000o\000o\000l\000.\000o\000p\000t\000i\000m\000i\000z\000a\000t\000i\000o\000n\000.\000n\000o\000n\000l\000i\000n\000e\000a\000r\000\137\000p\000r\000o\000b\000l\000e\000m\000\040\000m\000o\000d\000u\000l\000e}{subsection.1.1.5}% 35
\BOOKMARK [3][-]{subsubsection.1.1.5.4}{\376\377\000y\000a\000o\000c\000p\000t\000o\000o\000l\000.\000o\000p\000t\000i\000m\000i\000z\000a\000t\000i\000o\000n\000.\000q\000u\000a\000d\000r\000a\000t\000i\000c\000\137\000p\000r\000o\000b\000l\000e\000m\000\040\000m\000o\000d\000u\000l\000e}{subsection.1.1.5}% 36
\BOOKMARK [3][-]{subsubsection.1.1.5.5}{\376\377\000M\000o\000d\000u\000l\000e\000\040\000c\000o\000n\000t\000e\000n\000t\000s}{subsection.1.1.5}% 37
\BOOKMARK [2][-]{subsection.1.1.6}{\376\377\000y\000a\000o\000c\000p\000t\000o\000o\000l\000.\000p\000a\000r\000a\000l\000l\000e\000l\000\040\000p\000a\000c\000k\000a\000g\000e}{section.1.1}% 38
\BOOKMARK [3][-]{subsubsection.1.1.6.1}{\376\377\000S\000u\000b\000m\000o\000d\000u\000l\000e\000s}{subsection.1.1.6}% 39
\BOOKMARK [3][-]{subsubsection.1.1.6.2}{\376\377\000y\000a\000o\000c\000p\000t\000o\000o\000l\000.\000p\000a\000r\000a\000l\000l\000e\000l\000.\000w\000o\000r\000k\000e\000r\000\040\000m\000o\000d\000u\000l\000e}{subsection.1.1.6}% 40
\BOOKMARK [3][-]{subsubsection.1.1.6.3}{\376\377\000M\000o\000d\000u\000l\000e\000\040\000c\000o\000n\000t\000e\000n\000t\000s}{subsection.1.1.6}% 41
\BOOKMARK [2][-]{subsection.1.1.7}{\376\377\000y\000a\000o\000c\000p\000t\000o\000o\000l\000.\000s\000t\000o\000c\000h\000a\000s\000t\000i\000c\000\040\000p\000a\000c\000k\000a\000g\000e}{section.1.1}% 42
\BOOKMARK [3][-]{subsubsection.1.1.7.1}{\376\377\000S\000u\000b\000m\000o\000d\000u\000l\000e\000s}{subsection.1.1.7}% 43
\BOOKMARK [3][-]{subsubsection.1.1.7.2}{\376\377\000y\000a\000o\000c\000p\000t\000o\000o\000l\000.\000s\000t\000o\000c\000h\000a\000s\000t\000i\000c\000.\000p\000c\000e\000\040\000m\000o\000d\000u\000l\000e}{subsection.1.1.7}% 44
\BOOKMARK [3][-]{subsubsection.1.1.7.3}{\376\377\000y\000a\000o\000c\000p\000t\000o\000o\000l\000.\000s\000t\000o\000c\000h\000a\000s\000t\000i\000c\000.\000u\000t\000i\000l\000\040\000m\000o\000d\000u\000l\000e}{subsection.1.1.7}% 45
\BOOKMARK [3][-]{subsubsection.1.1.7.4}{\376\377\000M\000o\000d\000u\000l\000e\000\040\000c\000o\000n\000t\000e\000n\000t\000s}{subsection.1.1.7}% 46
\BOOKMARK [2][-]{subsection.1.1.8}{\376\377\000y\000a\000o\000c\000p\000t\000o\000o\000l\000.\000u\000t\000i\000l\000\040\000p\000a\000c\000k\000a\000g\000e}{section.1.1}% 47
\BOOKMARK [3][-]{subsubsection.1.1.8.1}{\376\377\000S\000u\000b\000m\000o\000d\000u\000l\000e\000s}{subsection.1.1.8}% 48
\BOOKMARK [3][-]{subsubsection.1.1.8.2}{\376\377\000y\000a\000o\000c\000p\000t\000o\000o\000l\000.\000u\000t\000i\000l\000.\000u\000t\000i\000l\000\040\000m\000o\000d\000u\000l\000e}{subsection.1.1.8}% 49
\BOOKMARK [3][-]{subsubsection.1.1.8.3}{\376\377\000M\000o\000d\000u\000l\000e\000\040\000c\000o\000n\000t\000e\000n\000t\000s}{subsection.1.1.8}% 50
\BOOKMARK [1][-]{section.1.2}{\376\377\000S\000u\000b\000m\000o\000d\000u\000l\000e\000s}{chapter.1}% 51
\BOOKMARK [1][-]{section.1.3}{\376\377\000y\000a\000o\000c\000p\000t\000o\000o\000l\000.\000c\000o\000n\000f\000i\000g\000\040\000m\000o\000d\000u\000l\000e}{chapter.1}% 52
\BOOKMARK [1][-]{section.1.4}{\376\377\000M\000o\000d\000u\000l\000e\000\040\000c\000o\000n\000t\000e\000n\000t\000s}{chapter.1}% 53
\BOOKMARK [0][-]{section*.330}{\376\377\000P\000y\000t\000h\000o\000n\000\040\000M\000o\000d\000u\000l\000e\000\040\000I\000n\000d\000e\000x}{}% 54
\BOOKMARK [0][-]{section*.331}{\376\377\000I\000n\000d\000e\000x}{}% 55
